Performing C SOURCE FILE Test CMAKE_HAVE_LIBC_PTHREAD failed with the following output:
Change Dir: /home/ryan/dev/OpenGLPathfinder/cmake-build-debug/CMakeFiles/CMakeTmp

Run Build Command(s):/usr/bin/gmake cmTC_d1e42/fast && /usr/bin/gmake  -f CMakeFiles/cmTC_d1e42.dir/build.make CMakeFiles/cmTC_d1e42.dir/build
gmake[1]: Entering directory '/home/ryan/dev/OpenGLPathfinder/cmake-build-debug/CMakeFiles/CMakeTmp'
Building C object CMakeFiles/cmTC_d1e42.dir/src.c.o
/usr/bin/cc -DCMAKE_HAVE_LIBC_PTHREAD  -std=gnu99 -o CMakeFiles/cmTC_d1e42.dir/src.c.o -c /home/ryan/dev/OpenGLPathfinder/cmake-build-debug/CMakeFiles/CMakeTmp/src.c
Linking C executable cmTC_d1e42
/snap/clion/158/bin/cmake/linux/bin/cmake -E cmake_link_script CMakeFiles/cmTC_d1e42.dir/link.txt --verbose=1
/usr/bin/cc CMakeFiles/cmTC_d1e42.dir/src.c.o -o cmTC_d1e42 
/usr/bin/ld: CMakeFiles/cmTC_d1e42.dir/src.c.o: in function `main':
src.c:(.text+0x46): undefined reference to `pthread_create'
/usr/bin/ld: src.c:(.text+0x52): undefined reference to `pthread_detach'
/usr/bin/ld: src.c:(.text+0x5e): undefined reference to `pthread_cancel'
/usr/bin/ld: src.c:(.text+0x6f): undefined reference to `pthread_join'
collect2: error: ld returned 1 exit status
gmake[1]: *** [CMakeFiles/cmTC_d1e42.dir/build.make:106: cmTC_d1e42] Error 1
gmake[1]: Leaving directory '/home/ryan/dev/OpenGLPathfinder/cmake-build-debug/CMakeFiles/CMakeTmp'
gmake: *** [Makefile:140: cmTC_d1e42/fast] Error 2


Source file was:
#include <pthread.h>

static void* test_func(void* data)
{
  return data;
}

int main(void)
{
  pthread_t thread;
  pthread_create(&thread, NULL, test_func, NULL);
  pthread_detach(thread);
  pthread_cancel(thread);
  pthread_join(thread, NULL);
  pthread_atfork(NULL, NULL, NULL);
  pthread_exit(NULL);

  return 0;
}

Determining if the function pthread_create exists in the pthreads failed with the following output:
Change Dir: /home/ryan/dev/OpenGLPathfinder/cmake-build-debug/CMakeFiles/CMakeTmp

Run Build Command(s):/usr/bin/gmake cmTC_88842/fast && /usr/bin/gmake  -f CMakeFiles/cmTC_88842.dir/build.make CMakeFiles/cmTC_88842.dir/build
gmake[1]: Entering directory '/home/ryan/dev/OpenGLPathfinder/cmake-build-debug/CMakeFiles/CMakeTmp'
Building C object CMakeFiles/cmTC_88842.dir/CheckFunctionExists.c.o
/usr/bin/cc   -DCHECK_FUNCTION_EXISTS=pthread_create -std=gnu99 -o CMakeFiles/cmTC_88842.dir/CheckFunctionExists.c.o -c /snap/clion/158/bin/cmake/linux/share/cmake-3.19/Modules/CheckFunctionExists.c
Linking C executable cmTC_88842
/snap/clion/158/bin/cmake/linux/bin/cmake -E cmake_link_script CMakeFiles/cmTC_88842.dir/link.txt --verbose=1
/usr/bin/cc  -DCHECK_FUNCTION_EXISTS=pthread_create CMakeFiles/cmTC_88842.dir/CheckFunctionExists.c.o -o cmTC_88842  -lpthreads 
/usr/bin/ld: cannot find -lpthreads
collect2: error: ld returned 1 exit status
gmake[1]: *** [CMakeFiles/cmTC_88842.dir/build.make:106: cmTC_88842] Error 1
gmake[1]: Leaving directory '/home/ryan/dev/OpenGLPathfinder/cmake-build-debug/CMakeFiles/CMakeTmp'
gmake: *** [Makefile:140: cmTC_88842/fast] Error 2



